<?xml version="1.0" encoding="UTF-8"?>
<testng-results ignored="0" total="3" passed="3" failed="0" skipped="0">
  <reporter-output>
  </reporter-output>
  <suite started-at="2026-09-08T12:39:38 IST" name="Suite" finished-at="2026-09-08T12:39:44 IST" duration-ms="6638">
    <groups>
    </groups>
    <test started-at="2026-09-08T12:39:38 IST" name="TestRunner2" finished-at="2026-09-08T12:39:44 IST" duration-ms="6469">
      <class name="types_of_executions.LeadTest">
        <test-method signature="createLead()[pri:0, instance:types_of_executions.LeadTest@7bedc48a]" started-at="2026-09-08T12:39:38 IST" name="createLead" finished-at="2026-09-08T12:39:44 IST" duration-ms="6406" status="PASS">
          <reporter-output>
          </reporter-output>
        </test-method> <!-- createLead -->
      </class> <!-- types_of_executions.LeadTest -->
    </test> <!-- TestRunner2 -->
    <test started-at="2026-09-08T12:39:38 IST" name="TestRunner1" finished-at="2026-09-08T12:39:44 IST" duration-ms="6591">
      <class name="types_of_executions.ContactTest">
        <test-method signature="createContact()[pri:0, instance:types_of_executions.ContactTest@c730b35]" started-at="2026-09-08T12:39:38 IST" name="createContact" finished-at="2026-09-08T12:39:44 IST" duration-ms="6530" status="PASS">
          <reporter-output>
          </reporter-output>
        </test-method> <!-- createContact -->
      </class> <!-- types_of_executions.ContactTest -->
    </test> <!-- TestRunner1 -->
    <test started-at="2026-09-08T12:39:38 IST" name="TestRunner3" finished-at="2026-09-08T12:39:44 IST" duration-ms="6638">
      <class name="types_of_executions.OrgTest">
        <test-method signature="createOrg()[pri:0, instance:types_of_executions.OrgTest@2df3b89c]" started-at="2026-09-08T12:39:38 IST" name="createOrg" finished-at="2026-09-08T12:39:44 IST" duration-ms="6577" status="PASS">
          <reporter-output>
          </reporter-output>
        </test-method> <!-- createOrg -->
      </class> <!-- types_of_executions.OrgTest -->
    </test> <!-- TestRunner3 -->
  </suite> <!-- Suite -->
</testng-results>
