<?xml version="1.0" encoding="UTF-8"?>
<testng-results ignored="1" total="3" passed="2" failed="0" skipped="0">
  <reporter-output>
  </reporter-output>
  <suite started-at="2026-09-09T12:39:42 IST" name="Suite" finished-at="2026-09-09T12:39:42 IST" duration-ms="82">
    <groups>
      <group name="s">
        <method signature="ContactTest.deleteContact()[pri:0, instance:types_of_executions.ContactTest@45752059]" name="deleteContact" class="types_of_executions.ContactTest"/>
        <method signature="ContactTest.modifyContact()[pri:0, instance:types_of_executions.ContactTest@45752059]" name="modifyContact" class="types_of_executions.ContactTest"/>
      </group> <!-- s -->
    </groups>
    <test started-at="2026-09-09T12:39:42 IST" name="Test" finished-at="2026-09-09T12:39:42 IST" duration-ms="82">
      <class name="types_of_executions.ContactTest">
        <test-method signature="deleteContact()[pri:0, instance:types_of_executions.ContactTest@45752059]" started-at="2026-09-09T12:39:42 IST" name="deleteContact" finished-at="2026-09-09T12:39:42 IST" duration-ms="18" status="PASS">
          <reporter-output>
          </reporter-output>
        </test-method> <!-- deleteContact -->
        <test-method signature="modifyContact()[pri:0, instance:types_of_executions.ContactTest@45752059]" started-at="2026-09-09T12:39:42 IST" name="modifyContact" finished-at="2026-09-09T12:39:42 IST" duration-ms="2" status="PASS">
          <reporter-output>
          </reporter-output>
        </test-method> <!-- modifyContact -->
      </class> <!-- types_of_executions.ContactTest -->
    </test> <!-- Test -->
  </suite> <!-- Suite -->
</testng-results>
