<?xml version="1.0" encoding="UTF-8"?>
<!-- Generated by org.testng.reporters.JUnitXMLReporter -->
<testsuite ignored="1" hostname="TYSS-Piyush-Baldaniya" failures="0" tests="2" name="Test" time="0.082" errors="0" timestamp="2026-09-09T12:39:42 IST">
  <testcase classname="types_of_executions.ContactTest" name="deleteContact" time="0.018"/>
  <testcase classname="types_of_executions.ContactTest" name="modifyContact" time="0.002"/>
  <testcase classname="types_of_executions.ContactTest" name="createContact" time="0.0">
    <ignored/>
  </testcase> <!-- createContact -->
</testsuite> <!-- Test -->
