<?xml version="1.0" encoding="UTF-8"?>
<!-- Generated by org.testng.reporters.JUnitXMLReporter -->
<testsuite ignored="0" hostname="TYSS-Piyush-Baldaniya" failures="0" tests="3" name="Test" time="13.02" errors="0" timestamp="2026-09-08T12:35:26 IST">
  <testcase classname="types_of_executions.ContactTest" name="createContact" time="4.72"/>
  <testcase classname="types_of_executions.OrgTest" name="createOrg" time="4.146"/>
  <testcase classname="types_of_executions.LeadTest" name="createLead" time="4.097"/>
</testsuite> <!-- Test -->
