<?xml version="1.0" encoding="UTF-8"?>
<!-- Generated by org.testng.reporters.JUnitXMLReporter -->
<testsuite ignored="1" hostname="TYSS-Piyush-Baldaniya" failures="0" tests="1" name="Default test" time="0.072" errors="0" timestamp="2026-09-08T12:13:29 IST">
  <testcase classname="helper_attributes.SkipIgnoredTest" name="createOrgTest" time="0.022"/>
  <testcase classname="helper_attributes.SkipIgnoredTest" name="deleteOrgTest" time="0.0">
    <ignored/>
  </testcase> <!-- deleteOrgTest -->
</testsuite> <!-- Default test -->
