<?xml version="1.0" encoding="UTF-8"?>
<!-- Generated by org.testng.reporters.JUnitXMLReporter -->
<testsuite ignored="0" hostname="TYSS-Piyush-Baldaniya" failures="0" tests="3" name="Default test" time="0.063" errors="0" timestamp="2026-09-15T12:47:11 IST">
  <testcase classname="learning_listeners.Facebook" name="login" time="0.015"/>
  <testcase classname="learning_listeners.Facebook" name="logout" time="0.005"/>
  <testcase classname="learning_listeners.Facebook" name="signup" time="0.004"/>
</testsuite> <!-- Default test -->
