<?xml version="1.0" encoding="UTF-8"?>
<!-- Generated by org.testng.reporters.JUnitReportReporter -->
<testsuite hostname="TYSS-Piyush-Baldaniya" failures="0" tests="2" name="types_of_executions.ContactTest" time="0.020" errors="0" timestamp="2026-09-09T12:39:42 IST" skipped="0">
  <testcase classname="types_of_executions.ContactTest" name="modifyContact" time="0.002"/>
  <testcase classname="types_of_executions.ContactTest" name="deleteContact" time="0.018"/>
</testsuite> <!-- types_of_executions.ContactTest -->
