<?xml version="1.0" encoding="UTF-8"?>
<!-- Generated by org.testng.reporters.JUnitReportReporter -->
<testsuite hostname="TYSS-Piyush-Baldaniya" failures="0" tests="2" name="helper_attributes.SkipIgnoredTest" time="0.022" errors="0" timestamp="2026-09-08T12:13:29 IST" skipped="1">
  <testcase classname="helper_attributes.SkipIgnoredTest" name="createOrgTest" time="0.022"/>
  <testcase classname="helper_attributes.SkipIgnoredTest" name="deleteOrgTest">
    <skipped/>
  </testcase> <!-- deleteOrgTest -->
</testsuite> <!-- helper_attributes.SkipIgnoredTest -->
