<?xml version="1.0" encoding="UTF-8"?>
<!-- Generated by org.testng.reporters.JUnitReportReporter -->
<testsuite hostname="TYSS-Piyush-Baldaniya" failures="0" tests="3" name="learning_listeners.Facebook" time="0.024" errors="0" timestamp="2026-09-15T12:47:12 IST" skipped="0">
  <testcase classname="learning_listeners.Facebook" name="logout" time="0.005"/>
  <testcase classname="learning_listeners.Facebook" name="login" time="0.015"/>
  <testcase classname="learning_listeners.Facebook" name="signup" time="0.004"/>
</testsuite> <!-- learning_listeners.Facebook -->
