<?xml version="1.0" encoding="UTF-8"?>
<!-- Generated by org.testng.reporters.JUnitReportReporter -->
<testsuite hostname="TYSS-Piyush-Baldaniya" failures="0" tests="1" name="crm.vtiger.contact.ContactTest" time="20.087" errors="0" timestamp="2026-08-21T11:46:27 IST" skipped="0">
  <testcase classname="crm.vtiger.contact.ContactTest" name="createContactTest" time="20.087">
    <system-out>
      <![CDATA[========== CREATE CONTACT TEST STARTED ==========
Reading test data from JSON file...
Browser: chrome
URL: http://49.249.29.4:8888/
Username fetched successfully
Reading test data from Excel file...
Last Name: sharma
Organization Name: google
Launching browser...
Chrome browser launched
Browser maximized
Implicit wait configured for 15 seconds
Navigating to application URL...
Entering username...
Entering password...
Clicking Login button...
Login completed successfully
Navigating to Contacts module...
Clicking Create Contact button...
Create Contact page opened
Entering Last Name...
Last Name entered successfully
Capturing parent window ID...
Parent window ID captured
Opening Organization lookup window...
Fetching all window handles...
Total windows available: 2
Searching for Accounts window...
Current window URL: http://49.249.29.4:8888/index.php?module=Contacts&action=EditView&return_action=DetailView&parenttab=Marketing
Current window URL: http://49.249.29.4:8888/index.php?module=Accounts&action=Popup&popuptype=specific_contact_account_address&form=TasksEditView&form_submit=false&fromlink=&recordid=
Accounts window found
Searching Organization: google
Organization search completed
Organization selected successfully
Switching back to parent window...
Returned to Contact creation page
Entering Birthday...
Birthday entered successfully
Saving Contact...
Contact saved successfully
Starting Contact verification...
Expected Last Name: sharma
Actual Last Name: sharma
Expected Organization Name: google
Actual Organization Name: google_974
Preparing to logout...
Hovering over profile icon...
Clicking Sign Out...
Logout completed successfully
Closing browser...
========== CREATE CONTACT TEST COMPLETED ==========]]>
    </system-out>
  </testcase> <!-- createContactTest -->
  <system-out>
    <![CDATA[========== CREATE CONTACT TEST STARTED ==========
Reading test data from JSON file...
Browser: chrome
URL: http://49.249.29.4:8888/
Username fetched successfully
Reading test data from Excel file...
Last Name: sharma
Organization Name: google
Launching browser...
Chrome browser launched
Browser maximized
Implicit wait configured for 15 seconds
Navigating to application URL...
Entering username...
Entering password...
Clicking Login button...
Login completed successfully
Navigating to Contacts module...
Clicking Create Contact button...
Create Contact page opened
Entering Last Name...
Last Name entered successfully
Capturing parent window ID...
Parent window ID captured
Opening Organization lookup window...
Fetching all window handles...
Total windows available: 2
Searching for Accounts window...
Current window URL: http://49.249.29.4:8888/index.php?module=Contacts&action=EditView&return_action=DetailView&parenttab=Marketing
Current window URL: http://49.249.29.4:8888/index.php?module=Accounts&action=Popup&popuptype=specific_contact_account_address&form=TasksEditView&form_submit=false&fromlink=&recordid=
Accounts window found
Searching Organization: google
Organization search completed
Organization selected successfully
Switching back to parent window...
Returned to Contact creation page
Entering Birthday...
Birthday entered successfully
Saving Contact...
Contact saved successfully
Starting Contact verification...
Expected Last Name: sharma
Actual Last Name: sharma
Expected Organization Name: google
Actual Organization Name: google_974
Preparing to logout...
Hovering over profile icon...
Clicking Sign Out...
Logout completed successfully
Closing browser...
========== CREATE CONTACT TEST COMPLETED ==========]]>
  </system-out>
</testsuite> <!-- crm.vtiger.contact.ContactTest -->
